D:\Study\dotNet\Lab1\Lab1_2\WebApplication1\ClientApp\app\constants\index.js
D:\Study\dotNet\Lab1\Lab1_2\WebApplication1\ClientApp\app\constants\index.js.map
D:\Study\dotNet\Lab1\Lab1_2\WebApplication1\ClientApp\app\models\index.js
D:\Study\dotNet\Lab1\Lab1_2\WebApplication1\ClientApp\app\models\index.js.map
D:\Study\dotNet\Lab1\Lab1_2\WebApplication1\ClientApp\app\services\login-http.service.js
D:\Study\dotNet\Lab1\Lab1_2\WebApplication1\ClientApp\app\services\login-http.service.js.map
D:\Study\dotNet\Lab1\Lab1_2\WebApplication1\ClientApp\app\components\login\login.component.js
D:\Study\dotNet\Lab1\Lab1_2\WebApplication1\ClientApp\app\components\login\login.component.js.map
D:\Study\dotNet\Lab1\Lab1_2\WebApplication1\ClientApp\app\services\account-http.service.js
D:\Study\dotNet\Lab1\Lab1_2\WebApplication1\ClientApp\app\services\account-http.service.js.map
D:\Study\dotNet\Lab1\Lab1_2\WebApplication1\ClientApp\app\components\account\account.component.js
D:\Study\dotNet\Lab1\Lab1_2\WebApplication1\ClientApp\app\components\account\account.component.js.map
D:\Study\dotNet\Lab1\Lab1_2\WebApplication1\ClientApp\app\app-routing.module.js
D:\Study\dotNet\Lab1\Lab1_2\WebApplication1\ClientApp\app\app-routing.module.js.map
D:\Study\dotNet\Lab1\Lab1_2\WebApplication1\ClientApp\app\app.component.js
D:\Study\dotNet\Lab1\Lab1_2\WebApplication1\ClientApp\app\app.component.js.map
D:\Study\dotNet\Lab1\Lab1_2\WebApplication1\ClientApp\app\app.module.js
D:\Study\dotNet\Lab1\Lab1_2\WebApplication1\ClientApp\app\app.module.js.map
D:\Study\dotNet\Lab1\Lab1_2\WebApplication1\ClientApp\main.js
D:\Study\dotNet\Lab1\Lab1_2\WebApplication1\ClientApp\main.js.map
D:\Study\dotNet\Lab1\Lab1_2\WebApplication1\ClientApp\polyfills.js
D:\Study\dotNet\Lab1\Lab1_2\WebApplication1\ClientApp\polyfills.js.map
